<?xml version="1.0" encoding="UTF-8"?>
<testng-results ignored="0" total="5" passed="5" failed="0" skipped="0">
  <reporter-output>
  </reporter-output>
  <suite started-at="2025-06-06T14:29:38 IST" name="OrangeHRM Automation Testing" finished-at="2025-06-06T14:30:55 IST" duration-ms="76395">
    <groups>
      <group name="cucumber">
        <method signature="AbstractTestNGCucumberTests.runScenario(io.cucumber.testng.PickleWrapper,io.cucumber.testng.FeatureWrapper)[pri:0, instance:TestRunner@47eaca72]" name="runScenario" class="io.cucumber.testng.AbstractTestNGCucumberTests"/>
      </group> <!-- cucumber -->
    </groups>
    <test started-at="2025-06-06T14:29:38 IST" name="testngTest" finished-at="2025-06-06T14:30:55 IST" duration-ms="76395">
      <class name="TestRunner">
        <test-method is-config="true" signature="setUpClass(org.testng.ITestContext)[pri:0, instance:TestRunner@47eaca72]" started-at="2025-06-06T14:29:38 IST" name="setUpClass" finished-at="2025-06-06T14:29:38 IST" duration-ms="205" status="PASS">
          <params>
            <param index="0">
              <value>
                <![CDATA[org.testng.TestRunner@426e505c]]>
              </value>
            </param>
          </params>
          <reporter-output>
          </reporter-output>
        </test-method> <!-- setUpClass -->
        <test-method signature="runScenario(io.cucumber.testng.PickleWrapper,io.cucumber.testng.FeatureWrapper)[pri:0, instance:TestRunner@47eaca72]" started-at="2025-06-06T14:29:38 IST" name="runScenario" description="Runs Cucumber Scenarios" data-provider="scenarios" finished-at="2025-06-06T14:29:57 IST" duration-ms="18587" status="PASS">
          <params>
            <param index="0">
              <value>
                <![CDATA["Login to OrangeHRM portal successfully"]]>
              </value>
            </param>
            <param index="1">
              <value>
                <![CDATA["Check OrangeHRM home page functionality"]]>
              </value>
            </param>
          </params>
          <reporter-output>
          </reporter-output>
        </test-method> <!-- runScenario -->
        <test-method signature="runScenario(io.cucumber.testng.PickleWrapper,io.cucumber.testng.FeatureWrapper)[pri:0, instance:TestRunner@47eaca72]" started-at="2025-06-06T14:29:57 IST" name="runScenario" description="Runs Cucumber Scenarios" data-provider="scenarios" finished-at="2025-06-06T14:30:19 IST" duration-ms="22400" status="PASS">
          <params>
            <param index="0">
              <value>
                <![CDATA["PIM user created successfully"]]>
              </value>
            </param>
            <param index="1">
              <value>
                <![CDATA["Check OrangeHRM home page functionality"]]>
              </value>
            </param>
          </params>
          <reporter-output>
          </reporter-output>
        </test-method> <!-- runScenario -->
        <test-method signature="runScenario(io.cucumber.testng.PickleWrapper,io.cucumber.testng.FeatureWrapper)[pri:0, instance:TestRunner@47eaca72]" started-at="2025-06-06T14:30:19 IST" name="runScenario" description="Runs Cucumber Scenarios" data-provider="scenarios" finished-at="2025-06-06T14:30:33 IST" duration-ms="14005" status="PASS">
          <params>
            <param index="0">
              <value>
                <![CDATA["PIM user created successfully"]]>
              </value>
            </param>
            <param index="1">
              <value>
                <![CDATA["Check OrangeHRM home page functionality"]]>
              </value>
            </param>
          </params>
          <reporter-output>
          </reporter-output>
        </test-method> <!-- runScenario -->
        <test-method signature="runScenario(io.cucumber.testng.PickleWrapper,io.cucumber.testng.FeatureWrapper)[pri:0, instance:TestRunner@47eaca72]" started-at="2025-06-06T14:30:33 IST" name="runScenario" description="Runs Cucumber Scenarios" data-provider="scenarios" finished-at="2025-06-06T14:30:45 IST" duration-ms="11152" status="PASS">
          <params>
            <param index="0">
              <value>
                <![CDATA["PIM user searched and deleted successfully"]]>
              </value>
            </param>
            <param index="1">
              <value>
                <![CDATA["Check OrangeHRM home page functionality"]]>
              </value>
            </param>
          </params>
          <reporter-output>
          </reporter-output>
        </test-method> <!-- runScenario -->
        <test-method signature="runScenario(io.cucumber.testng.PickleWrapper,io.cucumber.testng.FeatureWrapper)[pri:0, instance:TestRunner@47eaca72]" started-at="2025-06-06T14:30:45 IST" name="runScenario" description="Runs Cucumber Scenarios" data-provider="scenarios" finished-at="2025-06-06T14:30:55 IST" duration-ms="9998" status="PASS">
          <params>
            <param index="0">
              <value>
                <![CDATA["PIM user searched and deleted successfully"]]>
              </value>
            </param>
            <param index="1">
              <value>
                <![CDATA["Check OrangeHRM home page functionality"]]>
              </value>
            </param>
          </params>
          <reporter-output>
          </reporter-output>
        </test-method> <!-- runScenario -->
        <test-method is-config="true" signature="tearDownClass()[pri:0, instance:TestRunner@47eaca72]" started-at="2025-06-06T14:30:55 IST" name="tearDownClass" finished-at="2025-06-06T14:30:55 IST" duration-ms="3" status="PASS">
          <reporter-output>
          </reporter-output>
        </test-method> <!-- tearDownClass -->
      </class> <!-- TestRunner -->
    </test> <!-- testngTest -->
  </suite> <!-- OrangeHRM Automation Testing -->
</testng-results>
